  AnotherSimu.cpp
C:\Users\matth\source\repos\AnotherSimu\AnotherSimu\WindowsGameEngine_abs_1.h(237,21): warning C4244: 'argument': conversion from 'float' to 'int', possible loss of data
C:\Users\matth\source\repos\AnotherSimu\AnotherSimu\WindowsGameEngine_abs_1.h(237,18): warning C4244: 'argument': conversion from 'float' to 'int', possible loss of data
C:\Users\matth\source\repos\AnotherSimu\AnotherSimu\WindowsGameEngine_abs_1.h(301,27): warning C4244: 'argument': conversion from 'float' to 'int', possible loss of data
C:\Users\matth\source\repos\AnotherSimu\AnotherSimu\WindowsGameEngine_abs_1.h(301,22): warning C4244: 'argument': conversion from 'float' to 'int', possible loss of data
C:\Users\matth\source\repos\AnotherSimu\AnotherSimu\WindowsGameEngine_abs_1.h(323,22): warning C4244: 'initializing': conversion from 'float' to 'int', possible loss of data
C:\Users\matth\source\repos\AnotherSimu\AnotherSimu\WindowsGameEngine_abs_1.h(324,15): warning C4244: 'initializing': conversion from 'float' to 'int', possible loss of data
C:\Users\matth\source\repos\AnotherSimu\AnotherSimu\WindowsGameEngine_abs_1.h(329,29): warning C4244: 'argument': conversion from 'float' to 'int', possible loss of data
C:\Users\matth\source\repos\AnotherSimu\AnotherSimu\WindowsGameEngine_abs_1.h(329,21): warning C4244: 'argument': conversion from 'float' to 'int', possible loss of data
C:\Users\matth\source\repos\AnotherSimu\AnotherSimu\WindowsGameEngine_abs_1.h(330,29): warning C4244: 'argument': conversion from 'float' to 'int', possible loss of data
C:\Users\matth\source\repos\AnotherSimu\AnotherSimu\WindowsGameEngine_abs_1.h(330,21): warning C4244: 'argument': conversion from 'float' to 'int', possible loss of data
C:\Users\matth\source\repos\AnotherSimu\AnotherSimu\WindowsGameEngine_abs_1.h(331,29): warning C4244: 'argument': conversion from 'float' to 'int', possible loss of data
C:\Users\matth\source\repos\AnotherSimu\AnotherSimu\WindowsGameEngine_abs_1.h(331,21): warning C4244: 'argument': conversion from 'float' to 'int', possible loss of data
C:\Users\matth\source\repos\AnotherSimu\AnotherSimu\WindowsGameEngine_abs_1.h(332,29): warning C4244: 'argument': conversion from 'float' to 'int', possible loss of data
C:\Users\matth\source\repos\AnotherSimu\AnotherSimu\WindowsGameEngine_abs_1.h(332,21): warning C4244: 'argument': conversion from 'float' to 'int', possible loss of data
C:\Users\matth\source\repos\AnotherSimu\AnotherSimu\WindowsGameEngine_abs_1.h(333,29): warning C4244: 'argument': conversion from 'float' to 'int', possible loss of data
C:\Users\matth\source\repos\AnotherSimu\AnotherSimu\WindowsGameEngine_abs_1.h(333,21): warning C4244: 'argument': conversion from 'float' to 'int', possible loss of data
C:\Users\matth\source\repos\AnotherSimu\AnotherSimu\WindowsGameEngine_abs_1.h(334,29): warning C4244: 'argument': conversion from 'float' to 'int', possible loss of data
C:\Users\matth\source\repos\AnotherSimu\AnotherSimu\WindowsGameEngine_abs_1.h(334,21): warning C4244: 'argument': conversion from 'float' to 'int', possible loss of data
C:\Users\matth\source\repos\AnotherSimu\AnotherSimu\WindowsGameEngine_abs_1.h(335,29): warning C4244: 'argument': conversion from 'float' to 'int', possible loss of data
C:\Users\matth\source\repos\AnotherSimu\AnotherSimu\WindowsGameEngine_abs_1.h(335,21): warning C4244: 'argument': conversion from 'float' to 'int', possible loss of data
C:\Users\matth\source\repos\AnotherSimu\AnotherSimu\WindowsGameEngine_abs_1.h(336,29): warning C4244: 'argument': conversion from 'float' to 'int', possible loss of data
C:\Users\matth\source\repos\AnotherSimu\AnotherSimu\WindowsGameEngine_abs_1.h(336,21): warning C4244: 'argument': conversion from 'float' to 'int', possible loss of data
C:\Users\matth\source\repos\AnotherSimu\AnotherSimu\WindowsGameEngine_abs_1.h(345,22): warning C4244: 'initializing': conversion from 'float' to 'int', possible loss of data
C:\Users\matth\source\repos\AnotherSimu\AnotherSimu\WindowsGameEngine_abs_1.h(346,15): warning C4244: 'initializing': conversion from 'float' to 'int', possible loss of data
C:\Users\matth\source\repos\AnotherSimu\AnotherSimu\WindowsGameEngine_abs_1.h(372,45): warning C4244: 'argument': conversion from 'float' to 'int', possible loss of data
C:\Users\matth\source\repos\AnotherSimu\AnotherSimu\WindowsGameEngine_abs_1.h(372,37): warning C4244: 'argument': conversion from 'float' to 'int', possible loss of data
C:\Users\matth\source\repos\AnotherSimu\AnotherSimu\WindowsGameEngine_abs_1.h(372,29): warning C4244: 'argument': conversion from 'float' to 'int', possible loss of data
C:\Users\matth\source\repos\AnotherSimu\AnotherSimu\WindowsGameEngine_abs_1.h(373,45): warning C4244: 'argument': conversion from 'float' to 'int', possible loss of data
C:\Users\matth\source\repos\AnotherSimu\AnotherSimu\WindowsGameEngine_abs_1.h(373,37): warning C4244: 'argument': conversion from 'float' to 'int', possible loss of data
C:\Users\matth\source\repos\AnotherSimu\AnotherSimu\WindowsGameEngine_abs_1.h(373,29): warning C4244: 'argument': conversion from 'float' to 'int', possible loss of data
C:\Users\matth\source\repos\AnotherSimu\AnotherSimu\WindowsGameEngine_abs_1.h(374,45): warning C4244: 'argument': conversion from 'float' to 'int', possible loss of data
C:\Users\matth\source\repos\AnotherSimu\AnotherSimu\WindowsGameEngine_abs_1.h(374,37): warning C4244: 'argument': conversion from 'float' to 'int', possible loss of data
C:\Users\matth\source\repos\AnotherSimu\AnotherSimu\WindowsGameEngine_abs_1.h(374,29): warning C4244: 'argument': conversion from 'float' to 'int', possible loss of data
C:\Users\matth\source\repos\AnotherSimu\AnotherSimu\WindowsGameEngine_abs_1.h(375,45): warning C4244: 'argument': conversion from 'float' to 'int', possible loss of data
C:\Users\matth\source\repos\AnotherSimu\AnotherSimu\WindowsGameEngine_abs_1.h(375,37): warning C4244: 'argument': conversion from 'float' to 'int', possible loss of data
C:\Users\matth\source\repos\AnotherSimu\AnotherSimu\WindowsGameEngine_abs_1.h(375,29): warning C4244: 'argument': conversion from 'float' to 'int', possible loss of data
C:\Users\matth\source\repos\AnotherSimu\AnotherSimu\AnotherSimu.cpp(57,30): warning C4244: 'argument': conversion from 'int' to 'float', possible loss of data
C:\Users\matth\source\repos\AnotherSimu\AnotherSimu\AnotherSimu.cpp(57,20): warning C4244: 'argument': conversion from 'int' to 'float', possible loss of data
C:\Users\matth\source\repos\AnotherSimu\AnotherSimu\AnotherSimu.cpp(64,15): warning C4244: 'initializing': conversion from 'int' to 'float', possible loss of data
C:\Users\matth\source\repos\AnotherSimu\AnotherSimu\AnotherSimu.cpp(65,15): warning C4244: 'initializing': conversion from 'int' to 'float', possible loss of data
C:\Users\matth\source\repos\AnotherSimu\AnotherSimu\AnotherSimu.cpp(86,1): warning C4305: '+=': truncation from 'double' to 'float'
C:\Users\matth\source\repos\AnotherSimu\AnotherSimu\AnotherSimu.cpp(94,24): warning C4244: 'argument': conversion from 'int' to 'float', possible loss of data
C:\Users\matth\source\repos\AnotherSimu\AnotherSimu\AnotherSimu.cpp(94,14): warning C4244: 'argument': conversion from 'int' to 'float', possible loss of data
C:\Users\matth\source\repos\AnotherSimu\AnotherSimu\AnotherSimu.cpp(95,23): warning C4244: 'argument': conversion from 'int' to 'float', possible loss of data
C:\Users\matth\source\repos\AnotherSimu\AnotherSimu\AnotherSimu.cpp(96,43): warning C4244: 'argument': conversion from 'int' to 'float', possible loss of data
C:\Users\matth\source\repos\AnotherSimu\AnotherSimu\AnotherSimu.cpp(96,24): warning C4244: 'argument': conversion from 'int' to 'float', possible loss of data
C:\Users\matth\source\repos\AnotherSimu\AnotherSimu\AnotherSimu.cpp(96,14): warning C4244: 'argument': conversion from 'int' to 'float', possible loss of data
  AnotherSimu.vcxproj -> C:\Users\matth\source\repos\AnotherSimu\x64\Debug\AnotherSimu.exe
